<?xml version="1.0" encoding="UTF-8"?>
<!-- Generated by org.testng.reporters.JUnitXMLReporter -->
<testsuite ignored="0" hostname="YatamPakkiraReddy" failures="0" tests="5" name="Test" time="58.875" errors="0" timestamp="2023-04-03T19:53:54 IST">
  <testcase classname="vTiger_contacts_TestScripts.CreateContactWithOrganizationPOMTest" name="createContactWithOrgTest" time="25.647"/>
  <testcase classname="vTiger_contacts_TestScripts.CreateContactWithOrganizationPOMTest" name="test" time="0.003"/>
  <testcase classname="vTiger_contacts_TestScripts.CreateContactWithOrganizationPOMTest" name="test2" time="0.003"/>
  <testcase classname="vTiger_contacts_TestScripts.CreateContactWithOrganizationPOMTest" name="test3" time="0.001"/>
  <testcase classname="vTiger_contacts_TestScripts.CreateContactWithOrganizationPOMTest" name="test4" time="0.001"/>
</testsuite> <!-- Test -->
