<?xml version="1.0" encoding="UTF-8"?>
<!-- Generated by org.testng.reporters.JUnitXMLReporter -->
<testsuite ignored="0" hostname="YatamPakkiraReddy" failures="0" tests="5" name="Test1" time="64.445" errors="0" timestamp="2023-04-04T15:28:57 IST">
  <testcase classname="vTiger_Organisation_TestScripts.CreateMultipleOrganizationsTest" name="createMultipleorgTest" time="9.779"/>
  <testcase classname="vTiger_Organisation_TestScripts.CreateMultipleOrganizationsTest" name="createMultipleorgTest" time="9.306"/>
  <testcase classname="vTiger_Organisation_TestScripts.CreateMultipleOrganizationsTest" name="createMultipleorgTest" time="9.467"/>
  <testcase classname="vTiger_Organisation_TestScripts.CreateMultipleOrganizationsTest" name="createMultipleorgTest" time="7.503"/>
  <testcase classname="vTiger_Organisation_TestScripts.CreateMultipleOrganizationsTest" name="createMultipleorgTest" time="7.967"/>
</testsuite> <!-- Test1 -->
