<?xml version="1.0" encoding="UTF-8"?>
<!-- Generated by org.testng.reporters.JUnitXMLReporter -->
<testsuite ignored="1" hostname="YatamPakkiraReddy" failures="0" tests="1" name="Default test" time="11.213" errors="0" timestamp="2023-11-07T11:40:22 IST">
  <testcase classname="vTiger_Organisation_TestScripts.OrgsPrinting" name="OrgTolist" time="3.726"/>
  <testcase classname="vTiger_Organisation_TestScripts.OrgsPrinting" name="PrintRowsColumns" time="0.0">
    <ignored/>
  </testcase> <!-- PrintRowsColumns -->
</testsuite> <!-- Default test -->
