<?xml version="1.0" encoding="UTF-8"?>
<!-- Generated by org.testng.reporters.JUnitXMLReporter -->
<testsuite ignored="1" hostname="YatamPakkiraReddy" failures="0" tests="1" name="Default test" time="60.738" errors="0" timestamp="2023-01-21T13:00:48 IST">
  <testcase classname="vTiger_contacts_TestScripts.DemoTest" name="sample" time="2.036"/>
  <testcase classname="vTiger_contacts_TestScripts.DemoTest" name="demo" time="0.0">
    <ignored/>
  </testcase> <!-- demo -->
</testsuite> <!-- Default test -->
